# JRE version: Java(TM) SE Runtime Environment (8.0_144-b01) (build 1.8.0_144-b01)
# Java VM: Java HotSpot(TM) 64-Bit Server VM (25.144-b01 mixed mode windows-amd64 compressed oops)
Heap:
 PSYoungGen      total 257024K, used 10765K [0x000000076b400000, 0x0000000780300000, 0x00000007c0000000)
  eden space 236544K, 4% used [0x000000076b400000,0x000000076be834b8,0x0000000779b00000)
  from space 20480K, 0% used [0x0000000779b00000,0x0000000779b00000,0x000000077af00000)
  to   space 23552K, 0% used [0x000000077ec00000,0x000000077ec00000,0x0000000780300000)
 ParOldGen       total 237056K, used 47203K [0x00000006c1c00000, 0x00000006d0380000, 0x000000076b400000)
  object space 237056K, 19% used [0x00000006c1c00000,0x00000006c4a18f70,0x00000006d0380000)
 Metaspace       used 58358K, capacity 59298K, committed 59480K, reserved 1101824K
  class space    used 7359K, capacity 7527K, committed 7552K, reserved 1048576K
GC Heap History (10 events):
Event: 19.098 GC heap before
{Heap before GC invocations=12 (full 2):
 PSYoungGen      total 169984K, used 169967K [0x000000076b400000, 0x0000000779080000, 0x00000007c0000000)
  eden space 157696K, 100% used [0x000000076b400000,0x0000000774e00000,0x0000000774e00000)
  from space 12288K, 99% used [0x0000000774e00000,0x00000007759fbf20,0x0000000775a00000)
  to   space 14336K, 0% used [0x0000000778280000,0x0000000778280000,0x0000000779080000)
 ParOldGen       total 155136K, used 17201K [0x00000006c1c00000, 0x00000006cb380000, 0x000000076b400000)
  object space 155136K, 11% used [0x00000006c1c00000,0x00000006c2ccc448,0x00000006cb380000)
 Metaspace       used 46964K, capacity 47666K, committed 48000K, reserved 1091584K
  class space    used 6036K, capacity 6177K, committed 6272K, reserved 1048576K
Event: 19.135 GC heap after
Heap after GC invocations=12 (full 2):
 PSYoungGen      total 206848K, used 14331K [0x000000076b400000, 0x0000000779400000, 0x00000007c0000000)
  eden space 192512K, 0% used [0x000000076b400000,0x000000076b400000,0x0000000777000000)
  from space 14336K, 99% used [0x0000000778280000,0x000000077907ec60,0x0000000779080000)
  to   space 18432K, 0% used [0x0000000777000000,0x0000000777000000,0x0000000778200000)
 ParOldGen       total 155136K, used 24186K [0x00000006c1c00000, 0x00000006cb380000, 0x000000076b400000)
  object space 155136K, 15% used [0x00000006c1c00000,0x00000006c339e930,0x00000006cb380000)
 Metaspace       used 46964K, capacity 47666K, committed 48000K, reserved 1091584K
  class space    used 6036K, capacity 6177K, committed 6272K, reserved 1048576K
}
Event: 20.554 GC heap before
{Heap before GC invocations=13 (full 2):
 PSYoungGen      total 206848K, used 206843K [0x000000076b400000, 0x0000000779400000, 0x00000007c0000000)
  eden space 192512K, 100% used [0x000000076b400000,0x0000000777000000,0x0000000777000000)
  from space 14336K, 99% used [0x0000000778280000,0x000000077907ec60,0x0000000779080000)
  to   space 18432K, 0% used [0x0000000777000000,0x0000000777000000,0x0000000778200000)
 ParOldGen       total 155136K, used 24186K [0x00000006c1c00000, 0x00000006cb380000, 0x000000076b400000)
  object space 155136K, 15% used [0x00000006c1c00000,0x00000006c339e930,0x00000006cb380000)
 Metaspace       used 49111K, capacity 49916K, committed 50048K, reserved 1093632K
  class space    used 6329K, capacity 6472K, committed 6528K, reserved 1048576K
Event: 20.593 GC heap after
Heap after GC invocations=13 (full 2):
 PSYoungGen      total 210944K, used 6081K [0x000000076b400000, 0x000000077c300000, 0x00000007c0000000)
  eden space 192512K, 0% used [0x000000076b400000,0x000000076b400000,0x0000000777000000)
  from space 18432K, 32% used [0x0000000777000000,0x00000007775f0470,0x0000000778200000)
  to   space 17920K, 0% used [0x000000077b180000,0x000000077b180000,0x000000077c300000)
 ParOldGen       total 155136K, used 38465K [0x00000006c1c00000, 0x00000006cb380000, 0x000000076b400000)
  object space 155136K, 24% used [0x00000006c1c00000,0x00000006c41906e8,0x00000006cb380000)
 Metaspace       used 49111K, capacity 49916K, committed 50048K, reserved 1093632K
  class space    used 6329K, capacity 6472K, committed 6528K, reserved 1048576K
}
Event: 26.254 GC heap before
{Heap before GC invocations=14 (full 2):
 PSYoungGen      total 210944K, used 198593K [0x000000076b400000, 0x000000077c300000, 0x00000007c0000000)
  eden space 192512K, 100% used [0x000000076b400000,0x0000000777000000,0x0000000777000000)
  from space 18432K, 32% used [0x0000000777000000,0x00000007775f0470,0x0000000778200000)
  to   space 17920K, 0% used [0x000000077b180000,0x000000077b180000,0x000000077c300000)
 ParOldGen       total 155136K, used 38465K [0x00000006c1c00000, 0x00000006cb380000, 0x000000076b400000)
  object space 155136K, 24% used [0x00000006c1c00000,0x00000006c41906e8,0x00000006cb380000)
 Metaspace       used 57591K, capacity 58530K, committed 58624K, reserved 1099776K
  class space    used 7211K, capacity 7399K, committed 7424K, reserved 1048576K
Event: 26.286 GC heap after
Heap after GC invocations=14 (full 2):
 PSYoungGen      total 254464K, used 17390K [0x000000076b400000, 0x000000077c300000, 0x00000007c0000000)
  eden space 236544K, 0% used [0x000000076b400000,0x000000076b400000,0x0000000779b00000)
  from space 17920K, 97% used [0x000000077b180000,0x000000077c27b898,0x000000077c300000)
  to   space 20480K, 0% used [0x0000000779b00000,0x0000000779b00000,0x000000077af00000)
 ParOldGen       total 155136K, used 38473K [0x00000006c1c00000, 0x00000006cb380000, 0x000000076b400000)
  object space 155136K, 24% used [0x00000006c1c00000,0x00000006c41926e8,0x00000006cb380000)
 Metaspace       used 57591K, capacity 58530K, committed 58624K, reserved 1099776K
  class space    used 7211K, capacity 7399K, committed 7424K, reserved 1048576K
}
Event: 27.161 GC heap before
{Heap before GC invocations=15 (full 2):
 PSYoungGen      total 254464K, used 173706K [0x000000076b400000, 0x000000077c300000, 0x00000007c0000000)
  eden space 236544K, 66% used [0x000000076b400000,0x0000000774ca6fb8,0x0000000779b00000)
  from space 17920K, 97% used [0x000000077b180000,0x000000077c27b898,0x000000077c300000)
  to   space 20480K, 0% used [0x0000000779b00000,0x0000000779b00000,0x000000077af00000)
 ParOldGen       total 155136K, used 38473K [0x00000006c1c00000, 0x00000006cb380000, 0x000000076b400000)
  object space 155136K, 24% used [0x00000006c1c00000,0x00000006c41926e8,0x00000006cb380000)
 Metaspace       used 57952K, capacity 58850K, committed 59096K, reserved 1101824K
  class space    used 7240K, capacity 7399K, committed 7424K, reserved 1048576K
Event: 27.182 GC heap after
Heap after GC invocations=15 (full 2):
 PSYoungGen      total 257024K, used 20454K [0x000000076b400000, 0x0000000780300000, 0x00000007c0000000)
  eden space 236544K, 0% used [0x000000076b400000,0x000000076b400000,0x0000000779b00000)
  from space 20480K, 99% used [0x0000000779b00000,0x000000077aef9b68,0x000000077af00000)
  to   space 23552K, 0% used [0x000000077ec00000,0x000000077ec00000,0x0000000780300000)
 ParOldGen       total 155136K, used 38976K [0x00000006c1c00000, 0x00000006cb380000, 0x000000076b400000)
  object space 155136K, 25% used [0x00000006c1c00000,0x00000006c4210300,0x00000006cb380000)
 Metaspace       used 57952K, capacity 58850K, committed 59096K, reserved 1101824K
  class space    used 7240K, capacity 7399K, committed 7424K, reserved 1048576K
}
Event: 27.182 GC heap before
{Heap before GC invocations=16 (full 3):
 PSYoungGen      total 257024K, used 20454K [0x000000076b400000, 0x0000000780300000, 0x00000007c0000000)
  eden space 236544K, 0% used [0x000000076b400000,0x000000076b400000,0x0000000779b00000)
  from space 20480K, 99% used [0x0000000779b00000,0x000000077aef9b68,0x000000077af00000)
  to   space 23552K, 0% used [0x000000077ec00000,0x000000077ec00000,0x0000000780300000)
 ParOldGen       total 155136K, used 38976K [0x00000006c1c00000, 0x00000006cb380000, 0x000000076b400000)
  object space 155136K, 25% used [0x00000006c1c00000,0x00000006c4210300,0x00000006cb380000)
 Metaspace       used 57952K, capacity 58850K, committed 59096K, reserved 1101824K
  class space    used 7240K, capacity 7399K, committed 7424K, reserved 1048576K
Event: 27.427 GC heap after
Heap after GC invocations=16 (full 3):
 PSYoungGen      total 257024K, used 0K [0x000000076b400000, 0x0000000780300000, 0x00000007c0000000)
  eden space 236544K, 0% used [0x000000076b400000,0x000000076b400000,0x0000000779b00000)
  from space 20480K, 0% used [0x0000000779b00000,0x0000000779b00000,0x000000077af00000)
  to   space 23552K, 0% used [0x000000077ec00000,0x000000077ec00000,0x0000000780300000)
 ParOldGen       total 237056K, used 47203K [0x00000006c1c00000, 0x00000006d0380000, 0x000000076b400000)
  object space 237056K, 19% used [0x00000006c1c00000,0x00000006c4a18f70,0x00000006d0380000)
 Metaspace       used 57952K, capacity 58850K, committed 59096K, reserved 1101824K
  class space    used 7240K, capacity 7399K, committed 7424K, reserved 1048576K
}

