# JRE version: Java(TM) SE Runtime Environment (8.0_144-b01) (build 1.8.0_144-b01)
# Java VM: Java HotSpot(TM) 64-Bit Server VM (25.144-b01 mixed mode windows-amd64 compressed oops)
Heap:
 PSYoungGen      total 219648K, used 174593K [0x000000076b400000, 0x000000077ab00000, 0x00000007c0000000)
  eden space 211968K, 78% used [0x000000076b400000,0x000000077571a550,0x0000000778300000)
  from space 7680K, 98% used [0x0000000778900000,0x0000000779066138,0x0000000779080000)
  to   space 20480K, 0% used [0x0000000779700000,0x0000000779700000,0x000000077ab00000)
 ParOldGen       total 172032K, used 44396K [0x00000006c1c00000, 0x00000006cc400000, 0x000000076b400000)
  object space 172032K, 25% used [0x00000006c1c00000,0x00000006c475b010,0x00000006cc400000)
 Metaspace       used 52649K, capacity 54336K, committed 54568K, reserved 1097728K
  class space    used 6509K, capacity 6852K, committed 6952K, reserved 1048576K
GC Heap History (10 events):
Event: 145.862 GC heap before
{Heap before GC invocations=27 (full 2):
 PSYoungGen      total 259584K, used 254638K [0x000000076b400000, 0x000000077cf80000, 0x00000007c0000000)
  eden space 245248K, 100% used [0x000000076b400000,0x000000077a380000,0x000000077a380000)
  from space 14336K, 65% used [0x000000077c180000,0x000000077caaba80,0x000000077cf80000)
  to   space 22528K, 0% used [0x000000077a380000,0x000000077a380000,0x000000077b980000)
 ParOldGen       total 172032K, used 42452K [0x00000006c1c00000, 0x00000006cc400000, 0x000000076b400000)
  object space 172032K, 24% used [0x00000006c1c00000,0x00000006c4575290,0x00000006cc400000)
 Metaspace       used 51626K, capacity 53344K, committed 53544K, reserved 1095680K
  class space    used 6354K, capacity 6692K, committed 6696K, reserved 1048576K
Event: 145.870 GC heap after
Heap after GC invocations=27 (full 2):
 PSYoungGen      total 247808K, used 9605K [0x000000076b400000, 0x000000077c780000, 0x00000007c0000000)
  eden space 238080K, 0% used [0x000000076b400000,0x000000076b400000,0x0000000779c80000)
  from space 9728K, 98% used [0x000000077a380000,0x000000077ace1538,0x000000077ad00000)
  to   space 22016K, 0% used [0x000000077b200000,0x000000077b200000,0x000000077c780000)
 ParOldGen       total 172032K, used 42460K [0x00000006c1c00000, 0x00000006cc400000, 0x000000076b400000)
  object space 172032K, 24% used [0x00000006c1c00000,0x00000006c4577290,0x00000006cc400000)
 Metaspace       used 51626K, capacity 53344K, committed 53544K, reserved 1095680K
  class space    used 6354K, capacity 6692K, committed 6696K, reserved 1048576K
}
Event: 154.028 GC heap before
{Heap before GC invocations=28 (full 2):
 PSYoungGen      total 247808K, used 247685K [0x000000076b400000, 0x000000077c780000, 0x00000007c0000000)
  eden space 238080K, 100% used [0x000000076b400000,0x0000000779c80000,0x0000000779c80000)
  from space 9728K, 98% used [0x000000077a380000,0x000000077ace1538,0x000000077ad00000)
  to   space 22016K, 0% used [0x000000077b200000,0x000000077b200000,0x000000077c780000)
 ParOldGen       total 172032K, used 42460K [0x00000006c1c00000, 0x00000006cc400000, 0x000000076b400000)
  object space 172032K, 24% used [0x00000006c1c00000,0x00000006c4577290,0x00000006cc400000)
 Metaspace       used 51673K, capacity 53408K, committed 53544K, reserved 1095680K
  class space    used 6354K, capacity 6692K, committed 6696K, reserved 1048576K
Event: 154.035 GC heap after
Heap after GC invocations=28 (full 2):
 PSYoungGen      total 244736K, used 9509K [0x000000076b400000, 0x000000077bf80000, 0x00000007c0000000)
  eden space 230912K, 0% used [0x000000076b400000,0x000000076b400000,0x0000000779580000)
  from space 13824K, 68% used [0x000000077b200000,0x000000077bb49538,0x000000077bf80000)
  to   space 21504K, 0% used [0x0000000779580000,0x0000000779580000,0x000000077aa80000)
 ParOldGen       total 172032K, used 42460K [0x00000006c1c00000, 0x00000006cc400000, 0x000000076b400000)
  object space 172032K, 24% used [0x00000006c1c00000,0x00000006c4577290,0x00000006cc400000)
 Metaspace       used 51673K, capacity 53408K, committed 53544K, reserved 1095680K
  class space    used 6354K, capacity 6692K, committed 6696K, reserved 1048576K
}
Event: 162.189 GC heap before
{Heap before GC invocations=29 (full 2):
 PSYoungGen      total 244736K, used 240421K [0x000000076b400000, 0x000000077bf80000, 0x00000007c0000000)
  eden space 230912K, 100% used [0x000000076b400000,0x0000000779580000,0x0000000779580000)
  from space 13824K, 68% used [0x000000077b200000,0x000000077bb49538,0x000000077bf80000)
  to   space 21504K, 0% used [0x0000000779580000,0x0000000779580000,0x000000077aa80000)
 ParOldGen       total 172032K, used 42460K [0x00000006c1c00000, 0x00000006cc400000, 0x000000076b400000)
  object space 172032K, 24% used [0x00000006c1c00000,0x00000006c4577290,0x00000006cc400000)
 Metaspace       used 51730K, capacity 53472K, committed 53544K, reserved 1095680K
  class space    used 6357K, capacity 6692K, committed 6696K, reserved 1048576K
Event: 162.197 GC heap after
Heap after GC invocations=29 (full 2):
 PSYoungGen      total 231936K, used 7667K [0x000000076b400000, 0x000000077b800000, 0x00000007c0000000)
  eden space 224256K, 0% used [0x000000076b400000,0x000000076b400000,0x0000000778f00000)
  from space 7680K, 99% used [0x0000000779580000,0x0000000779cfcd20,0x0000000779d00000)
  to   space 20992K, 0% used [0x000000077a380000,0x000000077a380000,0x000000077b800000)
 ParOldGen       total 172032K, used 44180K [0x00000006c1c00000, 0x00000006cc400000, 0x000000076b400000)
  object space 172032K, 25% used [0x00000006c1c00000,0x00000006c4725010,0x00000006cc400000)
 Metaspace       used 51730K, capacity 53472K, committed 53544K, reserved 1095680K
  class space    used 6357K, capacity 6692K, committed 6696K, reserved 1048576K
}
Event: 170.132 GC heap before
{Heap before GC invocations=30 (full 2):
 PSYoungGen      total 231936K, used 231923K [0x000000076b400000, 0x000000077b800000, 0x00000007c0000000)
  eden space 224256K, 100% used [0x000000076b400000,0x0000000778f00000,0x0000000778f00000)
  from space 7680K, 99% used [0x0000000779580000,0x0000000779cfcd20,0x0000000779d00000)
  to   space 20992K, 0% used [0x000000077a380000,0x000000077a380000,0x000000077b800000)
 ParOldGen       total 172032K, used 44180K [0x00000006c1c00000, 0x00000006cc400000, 0x000000076b400000)
  object space 172032K, 25% used [0x00000006c1c00000,0x00000006c4725010,0x00000006cc400000)
 Metaspace       used 51770K, capacity 53472K, committed 53544K, reserved 1095680K
  class space    used 6357K, capacity 6692K, committed 6696K, reserved 1048576K
Event: 170.138 GC heap after
Heap after GC invocations=30 (full 2):
 PSYoungGen      total 231936K, used 7091K [0x000000076b400000, 0x000000077b100000, 0x00000007c0000000)
  eden space 218112K, 0% used [0x000000076b400000,0x000000076b400000,0x0000000778900000)
  from space 13824K, 51% used [0x000000077a380000,0x000000077aa6cd20,0x000000077b100000)
  to   space 20480K, 0% used [0x0000000778900000,0x0000000778900000,0x0000000779d00000)
 ParOldGen       total 172032K, used 44348K [0x00000006c1c00000, 0x00000006cc400000, 0x000000076b400000)
  object space 172032K, 25% used [0x00000006c1c00000,0x00000006c474f010,0x00000006cc400000)
 Metaspace       used 51770K, capacity 53472K, committed 53544K, reserved 1095680K
  class space    used 6357K, capacity 6692K, committed 6696K, reserved 1048576K
}
Event: 178.344 GC heap before
{Heap before GC invocations=31 (full 2):
 PSYoungGen      total 231936K, used 225203K [0x000000076b400000, 0x000000077b100000, 0x00000007c0000000)
  eden space 218112K, 100% used [0x000000076b400000,0x0000000778900000,0x0000000778900000)
  from space 13824K, 51% used [0x000000077a380000,0x000000077aa6cd20,0x000000077b100000)
  to   space 20480K, 0% used [0x0000000778900000,0x0000000778900000,0x0000000779d00000)
 ParOldGen       total 172032K, used 44348K [0x00000006c1c00000, 0x00000006cc400000, 0x000000076b400000)
  object space 172032K, 25% used [0x00000006c1c00000,0x00000006c474f010,0x00000006cc400000)
 Metaspace       used 51909K, capacity 53600K, committed 53800K, reserved 1095680K
  class space    used 6363K, capacity 6692K, committed 6696K, reserved 1048576K
Event: 178.354 GC heap after
Heap after GC invocations=31 (full 2):
 PSYoungGen      total 219648K, used 7576K [0x000000076b400000, 0x000000077ab00000, 0x00000007c0000000)
  eden space 211968K, 0% used [0x000000076b400000,0x000000076b400000,0x0000000778300000)
  from space 7680K, 98% used [0x0000000778900000,0x0000000779066138,0x0000000779080000)
  to   space 20480K, 0% used [0x0000000779700000,0x0000000779700000,0x000000077ab00000)
 ParOldGen       total 172032K, used 44396K [0x00000006c1c00000, 0x00000006cc400000, 0x000000076b400000)
  object space 172032K, 25% used [0x00000006c1c00000,0x00000006c475b010,0x00000006cc400000)
 Metaspace       used 51909K, capacity 53600K, committed 53800K, reserved 1095680K
  class space    used 6363K, capacity 6692K, committed 6696K, reserved 1048576K
}

