# JRE version: Java(TM) SE Runtime Environment (8.0_144-b01) (build 1.8.0_144-b01)
# Java VM: Java HotSpot(TM) 64-Bit Server VM (25.144-b01 mixed mode windows-amd64 compressed oops)
Heap:
 PSYoungGen      total 279040K, used 11830K [0x000000076b400000, 0x0000000781b00000, 0x00000007c0000000)
  eden space 257536K, 4% used [0x000000076b400000,0x000000076bf8dbd0,0x000000077af80000)
  from space 21504K, 0% used [0x000000077af80000,0x000000077af80000,0x000000077c480000)
  to   space 20992K, 0% used [0x0000000780680000,0x0000000780680000,0x0000000781b00000)
 ParOldGen       total 233984K, used 47088K [0x00000006c1c00000, 0x00000006d0080000, 0x000000076b400000)
  object space 233984K, 20% used [0x00000006c1c00000,0x00000006c49fc2b0,0x00000006d0080000)
 Metaspace       used 58320K, capacity 59262K, committed 59480K, reserved 1101824K
  class space    used 7348K, capacity 7521K, committed 7552K, reserved 1048576K
GC Heap History (10 events):
Event: 23.170 GC heap before
{Heap before GC invocations=12 (full 2):
 PSYoungGen      total 183296K, used 183285K [0x000000076b400000, 0x000000077a380000, 0x00000007c0000000)
  eden space 170496K, 100% used [0x000000076b400000,0x0000000775a80000,0x0000000775a80000)
  from space 12800K, 99% used [0x0000000775a80000,0x00000007766fd550,0x0000000776700000)
  to   space 14848K, 0% used [0x0000000779500000,0x0000000779500000,0x000000077a380000)
 ParOldGen       total 150016K, used 17072K [0x00000006c1c00000, 0x00000006cae80000, 0x000000076b400000)
  object space 150016K, 11% used [0x00000006c1c00000,0x00000006c2cac288,0x00000006cae80000)
 Metaspace       used 47205K, capacity 47924K, committed 48256K, reserved 1091584K
  class space    used 6065K, capacity 6204K, committed 6272K, reserved 1048576K
Event: 23.206 GC heap after
Heap after GC invocations=12 (full 2):
 PSYoungGen      total 224256K, used 14827K [0x000000076b400000, 0x000000077a680000, 0x00000007c0000000)
  eden space 209408K, 0% used [0x000000076b400000,0x000000076b400000,0x0000000778080000)
  from space 14848K, 99% used [0x0000000779500000,0x000000077a37ac50,0x000000077a380000)
  to   space 19456K, 0% used [0x0000000778080000,0x0000000778080000,0x0000000779380000)
 ParOldGen       total 150016K, used 24066K [0x00000006c1c00000, 0x00000006cae80000, 0x000000076b400000)
  object space 150016K, 16% used [0x00000006c1c00000,0x00000006c3380848,0x00000006cae80000)
 Metaspace       used 47205K, capacity 47924K, committed 48256K, reserved 1091584K
  class space    used 6065K, capacity 6204K, committed 6272K, reserved 1048576K
}
Event: 26.217 GC heap before
{Heap before GC invocations=13 (full 2):
 PSYoungGen      total 224256K, used 224235K [0x000000076b400000, 0x000000077a680000, 0x00000007c0000000)
  eden space 209408K, 100% used [0x000000076b400000,0x0000000778080000,0x0000000778080000)
  from space 14848K, 99% used [0x0000000779500000,0x000000077a37ac50,0x000000077a380000)
  to   space 19456K, 0% used [0x0000000778080000,0x0000000778080000,0x0000000779380000)
 ParOldGen       total 150016K, used 24066K [0x00000006c1c00000, 0x00000006cae80000, 0x000000076b400000)
  object space 150016K, 16% used [0x00000006c1c00000,0x00000006c3380848,0x00000006cae80000)
 Metaspace       used 51594K, capacity 52340K, committed 52608K, reserved 1095680K
  class space    used 6615K, capacity 6764K, committed 6784K, reserved 1048576K
Event: 26.284 GC heap after
Heap after GC invocations=13 (full 2):
 PSYoungGen      total 228864K, used 7522K [0x000000076b400000, 0x000000077d800000, 0x00000007c0000000)
  eden space 209408K, 0% used [0x000000076b400000,0x000000076b400000,0x0000000778080000)
  from space 19456K, 38% used [0x0000000778080000,0x00000007787d88a0,0x0000000779380000)
  to   space 18432K, 0% used [0x000000077c600000,0x000000077c600000,0x000000077d800000)
 ParOldGen       total 150016K, used 38209K [0x00000006c1c00000, 0x00000006cae80000, 0x000000076b400000)
  object space 150016K, 25% used [0x00000006c1c00000,0x00000006c4150550,0x00000006cae80000)
 Metaspace       used 51594K, capacity 52340K, committed 52608K, reserved 1095680K
  class space    used 6615K, capacity 6764K, committed 6784K, reserved 1048576K
}
Event: 32.038 GC heap before
{Heap before GC invocations=14 (full 2):
 PSYoungGen      total 228864K, used 216930K [0x000000076b400000, 0x000000077d800000, 0x00000007c0000000)
  eden space 209408K, 100% used [0x000000076b400000,0x0000000778080000,0x0000000778080000)
  from space 19456K, 38% used [0x0000000778080000,0x00000007787d88a0,0x0000000779380000)
  to   space 18432K, 0% used [0x000000077c600000,0x000000077c600000,0x000000077d800000)
 ParOldGen       total 150016K, used 38209K [0x00000006c1c00000, 0x00000006cae80000, 0x000000076b400000)
  object space 150016K, 25% used [0x00000006c1c00000,0x00000006c4150550,0x00000006cae80000)
 Metaspace       used 57560K, capacity 58398K, committed 58624K, reserved 1099776K
  class space    used 7200K, capacity 7361K, committed 7424K, reserved 1048576K
Event: 32.080 GC heap after
Heap after GC invocations=14 (full 2):
 PSYoungGen      total 275968K, used 18404K [0x000000076b400000, 0x000000077d980000, 0x00000007c0000000)
  eden space 257536K, 0% used [0x000000076b400000,0x000000076b400000,0x000000077af80000)
  from space 18432K, 99% used [0x000000077c600000,0x000000077d7f9198,0x000000077d800000)
  to   space 21504K, 0% used [0x000000077af80000,0x000000077af80000,0x000000077c480000)
 ParOldGen       total 150016K, used 39366K [0x00000006c1c00000, 0x00000006cae80000, 0x000000076b400000)
  object space 150016K, 26% used [0x00000006c1c00000,0x00000006c4271a18,0x00000006cae80000)
 Metaspace       used 57560K, capacity 58398K, committed 58624K, reserved 1099776K
  class space    used 7200K, capacity 7361K, committed 7424K, reserved 1048576K
}
Event: 32.834 GC heap before
{Heap before GC invocations=15 (full 2):
 PSYoungGen      total 275968K, used 111491K [0x000000076b400000, 0x000000077d980000, 0x00000007c0000000)
  eden space 257536K, 36% used [0x000000076b400000,0x0000000770ee7ad8,0x000000077af80000)
  from space 18432K, 99% used [0x000000077c600000,0x000000077d7f9198,0x000000077d800000)
  to   space 21504K, 0% used [0x000000077af80000,0x000000077af80000,0x000000077c480000)
 ParOldGen       total 150016K, used 39366K [0x00000006c1c00000, 0x00000006cae80000, 0x000000076b400000)
  object space 150016K, 26% used [0x00000006c1c00000,0x00000006c4271a18,0x00000006cae80000)
 Metaspace       used 57974K, capacity 58878K, committed 59096K, reserved 1101824K
  class space    used 7237K, capacity 7393K, committed 7424K, reserved 1048576K
Event: 32.856 GC heap after
Heap after GC invocations=15 (full 2):
 PSYoungGen      total 279040K, used 5412K [0x000000076b400000, 0x0000000781b00000, 0x00000007c0000000)
  eden space 257536K, 0% used [0x000000076b400000,0x000000076b400000,0x000000077af80000)
  from space 21504K, 25% used [0x000000077af80000,0x000000077b4c93f8,0x000000077c480000)
  to   space 20992K, 0% used [0x0000000780680000,0x0000000780680000,0x0000000781b00000)
 ParOldGen       total 150016K, used 54397K [0x00000006c1c00000, 0x00000006cae80000, 0x000000076b400000)
  object space 150016K, 36% used [0x00000006c1c00000,0x00000006c511f798,0x00000006cae80000)
 Metaspace       used 57974K, capacity 58878K, committed 59096K, reserved 1101824K
  class space    used 7237K, capacity 7393K, committed 7424K, reserved 1048576K
}
Event: 32.856 GC heap before
{Heap before GC invocations=16 (full 3):
 PSYoungGen      total 279040K, used 5412K [0x000000076b400000, 0x0000000781b00000, 0x00000007c0000000)
  eden space 257536K, 0% used [0x000000076b400000,0x000000076b400000,0x000000077af80000)
  from space 21504K, 25% used [0x000000077af80000,0x000000077b4c93f8,0x000000077c480000)
  to   space 20992K, 0% used [0x0000000780680000,0x0000000780680000,0x0000000781b00000)
 ParOldGen       total 150016K, used 54397K [0x00000006c1c00000, 0x00000006cae80000, 0x000000076b400000)
  object space 150016K, 36% used [0x00000006c1c00000,0x00000006c511f798,0x00000006cae80000)
 Metaspace       used 57974K, capacity 58878K, committed 59096K, reserved 1101824K
  class space    used 7237K, capacity 7393K, committed 7424K, reserved 1048576K
Event: 33.193 GC heap after
Heap after GC invocations=16 (full 3):
 PSYoungGen      total 279040K, used 0K [0x000000076b400000, 0x0000000781b00000, 0x00000007c0000000)
  eden space 257536K, 0% used [0x000000076b400000,0x000000076b400000,0x000000077af80000)
  from space 21504K, 0% used [0x000000077af80000,0x000000077af80000,0x000000077c480000)
  to   space 20992K, 0% used [0x0000000780680000,0x0000000780680000,0x0000000781b00000)
 ParOldGen       total 233984K, used 47088K [0x00000006c1c00000, 0x00000006d0080000, 0x000000076b400000)
  object space 233984K, 20% used [0x00000006c1c00000,0x00000006c49fc2b0,0x00000006d0080000)
 Metaspace       used 57974K, capacity 58878K, committed 59096K, reserved 1101824K
  class space    used 7237K, capacity 7393K, committed 7424K, reserved 1048576K
}

